<?xml version="1.0" encoding="UTF-8"?>
<testsuite name="edu.depaul.mocks.CalculationClientTest" tests="1" skipped="0" failures="0" errors="0" timestamp="2021-10-06T16:43:09" hostname="DESKTOP-IS7VQEI" time="0.476">
  <properties/>
  <testcase name="When calculation fails, the client logs the result" classname="edu.depaul.mocks.CalculationClientTest" time="0.476"/>
  <system-out><![CDATA[]]></system-out>
  <system-err><![CDATA[]]></system-err>
</testsuite>
